{"uuid":"сбребанк-кредитование;покупка-квартиры-в-новостройке","historyId":"220e52fa14114d140341c024df1dfc5c","labels":[{"name":"feature","value":"Сбребанк кредитование"},{"name":"story","value":"Покупка квартиры в новостройке"},{"name":"host","value":"JIGSAWZTW-ПК"},{"name":"package","value":"Сбребанк кредитование"},{"name":"suite","value":"Сбребанк кредитование"},{"name":"testClass","value":"Покупка квартиры в новостройке"},{"name":"thread","value":"5820@JIGSAWZTW-ПК.main(1)"}],"links":[],"name":"Покупка квартиры в новостройке","status":"failed","statusDetails":{"known":false,"muted":false,"flaky":false,"message":"Expected condition failed: waiting for visibility of [[ChromeDriver: chrome on XP (ba1879340ba6ba32d37deaafa58d2028)] -> xpath: //a[@class='kit-link kit-link_color_black alt-menu-list__link alt-menu-list__link_level_2']] (tried for 10 second(s) with 500 MILLISECONDS interval)\nBuild info: version: '3.8.0', revision: '924c4067df', time: '2017-11-30T11:20:39.408Z'\nSystem info: host: 'JIGSAWZTW-ПК', ip: '192.168.1.2', os.name: 'Windows 7', os.arch: 'amd64', os.version: '6.1', java.version: '1.8.0_162'\nDriver info: org.openqa.selenium.chrome.ChromeDriver\nCapabilities {acceptInsecureCerts: false, acceptSslCerts: false, applicationCacheEnabled: false, browserConnectionEnabled: false, browserName: chrome, chrome: {chromedriverVersion: 2.38.552522 (437e6fbedfa876..., userDataDir: C:\\Users\\JIGSAW~1\\AppData\\L...}, cssSelectorsEnabled: true, databaseEnabled: false, handlesAlerts: true, hasTouchScreen: false, javascriptEnabled: true, locationContextEnabled: true, mobileEmulationEnabled: false, nativeEvents: true, networkConnectionEnabled: false, pageLoadStrategy: normal, platform: XP, platformName: XP, rotatable: false, setWindowRect: true, takesHeapSnapshot: true, takesScreenshot: true, unexpectedAlertBehaviour: , unhandledPromptBehavior: , version: 66.0.3359.181, webStorageEnabled: true}\nSession ID: ba1879340ba6ba32d37deaafa58d2028","trace":"org.openqa.selenium.TimeoutException: Expected condition failed: waiting for visibility of [[ChromeDriver: chrome on XP (ba1879340ba6ba32d37deaafa58d2028)] -> xpath: //a[@class='kit-link kit-link_color_black alt-menu-list__link alt-menu-list__link_level_2']] (tried for 10 second(s) with 500 MILLISECONDS interval)\nBuild info: version: '3.8.0', revision: '924c4067df', time: '2017-11-30T11:20:39.408Z'\nSystem info: host: 'JIGSAWZTW-ПК', ip: '192.168.1.2', os.name: 'Windows 7', os.arch: 'amd64', os.version: '6.1', java.version: '1.8.0_162'\nDriver info: org.openqa.selenium.chrome.ChromeDriver\nCapabilities {acceptInsecureCerts: false, acceptSslCerts: false, applicationCacheEnabled: false, browserConnectionEnabled: false, browserName: chrome, chrome: {chromedriverVersion: 2.38.552522 (437e6fbedfa876..., userDataDir: C:\\Users\\JIGSAW~1\\AppData\\L...}, cssSelectorsEnabled: true, databaseEnabled: false, handlesAlerts: true, hasTouchScreen: false, javascriptEnabled: true, locationContextEnabled: true, mobileEmulationEnabled: false, nativeEvents: true, networkConnectionEnabled: false, pageLoadStrategy: normal, platform: XP, platformName: XP, rotatable: false, setWindowRect: true, takesHeapSnapshot: true, takesScreenshot: true, unexpectedAlertBehaviour: , unhandledPromptBehavior: , version: 66.0.3359.181, webStorageEnabled: true}\nSession ID: ba1879340ba6ba32d37deaafa58d2028\r\n\tat org.openqa.selenium.support.ui.WebDriverWait.timeoutException(WebDriverWait.java:82)\r\n\tat org.openqa.selenium.support.ui.FluentWait.until(FluentWait.java:231)\r\n\tat pages.BasePage.selectCollectionItem(BasePage.java:19)\r\n\tat pages.MainPage.selectcategorie(MainPage.java:34)\r\n\tat steps.MainSteps.selectcategorie_aroundBody2(MainSteps.java:13)\r\n\tat steps.MainSteps$AjcClosure3.run(MainSteps.java:1)\r\n\tat org.aspectj.runtime.reflect.JoinPointImpl.proceed(JoinPointImpl.java:149)\r\n\tat io.qameta.allure.aspects.StepsAspects.step(StepsAspects.java:51)\r\n\tat steps.MainSteps.selectcategorie(MainSteps.java:13)\r\n\tat steps.ScenarioSteps.selectcategorie(ScenarioSteps.java:15)\r\n\tat ✽.Когда Выбрали подменю -  \"Приобретение готового жилья\"(SberTest.feature:8)\r\n"},"stage":"finished","start":1526818185275,"stop":1526818203343,"steps":[{"name":"BaseSteps.setUp()","status":"passed","stage":"finished","start":1526818191470,"stop":1526818191472},{"name":"Когда  Выбрали меню -  \"Взять кредит\"","status":"passed","stage":"finished","start":1526818191474,"stop":1526818191812,"steps":[{"name":"навели мышкой на меню  - Взять кредит","status":"passed","stage":"finished","start":1526818191662,"stop":1526818191808,"parameters":[{"name":"name","value":"Взять кредит"}]}]},{"name":"Когда  Выбрали подменю -  \"Приобретение готового жилья\"","status":"failed","stage":"finished","start":1526818191813,"stop":1526818202696,"steps":[{"name":"выбрали подменю  - Приобретение готового жилья","status":"broken","statusDetails":{"known":false,"muted":false,"flaky":false,"message":"Expected condition failed: waiting for visibility of [[ChromeDriver: chrome on XP (ba1879340ba6ba32d37deaafa58d2028)] -> xpath: //a[@class='kit-link kit-link_color_black alt-menu-list__link alt-menu-list__link_level_2']] (tried for 10 second(s) with 500 MILLISECONDS interval)\nBuild info: version: '3.8.0', revision: '924c4067df', time: '2017-11-30T11:20:39.408Z'\nSystem info: host: 'JIGSAWZTW-ПК', ip: '192.168.1.2', os.name: 'Windows 7', os.arch: 'amd64', os.version: '6.1', java.version: '1.8.0_162'\nDriver info: org.openqa.selenium.chrome.ChromeDriver\nCapabilities {acceptInsecureCerts: false, acceptSslCerts: false, applicationCacheEnabled: false, browserConnectionEnabled: false, browserName: chrome, chrome: {chromedriverVersion: 2.38.552522 (437e6fbedfa876..., userDataDir: C:\\Users\\JIGSAW~1\\AppData\\L...}, cssSelectorsEnabled: true, databaseEnabled: false, handlesAlerts: true, hasTouchScreen: false, javascriptEnabled: true, locationContextEnabled: true, mobileEmulationEnabled: false, nativeEvents: true, networkConnectionEnabled: false, pageLoadStrategy: normal, platform: XP, platformName: XP, rotatable: false, setWindowRect: true, takesHeapSnapshot: true, takesScreenshot: true, unexpectedAlertBehaviour: , unhandledPromptBehavior: , version: 66.0.3359.181, webStorageEnabled: true}\nSession ID: ba1879340ba6ba32d37deaafa58d2028","trace":"org.openqa.selenium.TimeoutException: Expected condition failed: waiting for visibility of [[ChromeDriver: chrome on XP (ba1879340ba6ba32d37deaafa58d2028)] -> xpath: //a[@class='kit-link kit-link_color_black alt-menu-list__link alt-menu-list__link_level_2']] (tried for 10 second(s) with 500 MILLISECONDS interval)\nBuild info: version: '3.8.0', revision: '924c4067df', time: '2017-11-30T11:20:39.408Z'\nSystem info: host: 'JIGSAWZTW-ПК', ip: '192.168.1.2', os.name: 'Windows 7', os.arch: 'amd64', os.version: '6.1', java.version: '1.8.0_162'\nDriver info: org.openqa.selenium.chrome.ChromeDriver\nCapabilities {acceptInsecureCerts: false, acceptSslCerts: false, applicationCacheEnabled: false, browserConnectionEnabled: false, browserName: chrome, chrome: {chromedriverVersion: 2.38.552522 (437e6fbedfa876..., userDataDir: C:\\Users\\JIGSAW~1\\AppData\\L...}, cssSelectorsEnabled: true, databaseEnabled: false, handlesAlerts: true, hasTouchScreen: false, javascriptEnabled: true, locationContextEnabled: true, mobileEmulationEnabled: false, nativeEvents: true, networkConnectionEnabled: false, pageLoadStrategy: normal, platform: XP, platformName: XP, rotatable: false, setWindowRect: true, takesHeapSnapshot: true, takesScreenshot: true, unexpectedAlertBehaviour: , unhandledPromptBehavior: , version: 66.0.3359.181, webStorageEnabled: true}\nSession ID: ba1879340ba6ba32d37deaafa58d2028\r\n\tat org.openqa.selenium.support.ui.WebDriverWait.timeoutException(WebDriverWait.java:82)\r\n\tat org.openqa.selenium.support.ui.FluentWait.until(FluentWait.java:231)\r\n\tat pages.BasePage.selectCollectionItem(BasePage.java:19)\r\n\tat pages.MainPage.selectcategorie(MainPage.java:34)\r\n\tat steps.MainSteps.selectcategorie_aroundBody2(MainSteps.java:13)\r\n\tat steps.MainSteps$AjcClosure3.run(MainSteps.java:1)\r\n\tat org.aspectj.runtime.reflect.JoinPointImpl.proceed(JoinPointImpl.java:149)\r\n\tat io.qameta.allure.aspects.StepsAspects.step(StepsAspects.java:51)\r\n\tat steps.MainSteps.selectcategorie(MainSteps.java:13)\r\n\tat steps.ScenarioSteps.selectcategorie(ScenarioSteps.java:15)\r\n\tat sun.reflect.NativeMethodAccessorImpl.invoke0(Native Method)\r\n\tat sun.reflect.NativeMethodAccessorImpl.invoke(NativeMethodAccessorImpl.java:62)\r\n\tat sun.reflect.DelegatingMethodAccessorImpl.invoke(DelegatingMethodAccessorImpl.java:43)\r\n\tat java.lang.reflect.Method.invoke(Method.java:498)\r\n\tat cucumber.runtime.Utils$1.call(Utils.java:40)\r\n\tat cucumber.runtime.Timeout.timeout(Timeout.java:16)\r\n\tat cucumber.runtime.Utils.invoke(Utils.java:34)\r\n\tat cucumber.runtime.java.JavaStepDefinition.execute(JavaStepDefinition.java:38)\r\n\tat cucumber.runtime.StepDefinitionMatch.runStep(StepDefinitionMatch.java:37)\r\n\tat cucumber.runtime.Runtime.runStep(Runtime.java:300)\r\n\tat cucumber.runtime.model.StepContainer.runStep(StepContainer.java:44)\r\n\tat cucumber.runtime.model.StepContainer.runSteps(StepContainer.java:39)\r\n\tat cucumber.runtime.model.CucumberScenario.run(CucumberScenario.java:44)\r\n\tat cucumber.runtime.junit.ExecutionUnitRunner.run(ExecutionUnitRunner.java:102)\r\n\tat cucumber.runtime.junit.FeatureRunner.runChild(FeatureRunner.java:63)\r\n\tat cucumber.runtime.junit.FeatureRunner.runChild(FeatureRunner.java:18)\r\n\tat org.junit.runners.ParentRunner$3.run(ParentRunner.java:290)\r\n\tat org.junit.runners.ParentRunner$1.schedule(ParentRunner.java:71)\r\n\tat org.junit.runners.ParentRunner.runChildren(ParentRunner.java:288)\r\n\tat org.junit.runners.ParentRunner.access$000(ParentRunner.java:58)\r\n\tat org.junit.runners.ParentRunner$2.evaluate(ParentRunner.java:268)\r\n\tat org.junit.runners.ParentRunner.run(ParentRunner.java:363)\r\n\tat cucumber.runtime.junit.FeatureRunner.run(FeatureRunner.java:70)\r\n\tat cucumber.api.junit.Cucumber.runChild(Cucumber.java:95)\r\n\tat cucumber.api.junit.Cucumber.runChild(Cucumber.java:38)\r\n\tat org.junit.runners.ParentRunner$3.run(ParentRunner.java:290)\r\n\tat org.junit.runners.ParentRunner$1.schedule(ParentRunner.java:71)\r\n\tat org.junit.runners.ParentRunner.runChildren(ParentRunner.java:288)\r\n\tat org.junit.runners.ParentRunner.access$000(ParentRunner.java:58)\r\n\tat org.junit.runners.ParentRunner$2.evaluate(ParentRunner.java:268)\r\n\tat org.junit.runners.ParentRunner.run(ParentRunner.java:363)\r\n\tat cucumber.api.junit.Cucumber.run(Cucumber.java:100)\r\n\tat org.junit.runner.JUnitCore.run(JUnitCore.java:137)\r\n\tat com.intellij.junit4.JUnit4IdeaTestRunner.startRunnerWithArgs(JUnit4IdeaTestRunner.java:68)\r\n\tat com.intellij.rt.execution.junit.IdeaTestRunner$Repeater.startRunnerWithArgs(IdeaTestRunner.java:47)\r\n\tat com.intellij.rt.execution.junit.JUnitStarter.prepareStreamsAndStart(JUnitStarter.java:242)\r\n\tat com.intellij.rt.execution.junit.JUnitStarter.main(JUnitStarter.java:70)\r\n"},"stage":"finished","start":1526818191814,"stop":1526818202269,"parameters":[{"name":"name","value":"Приобретение готового жилья"}]}],"attachments":[{"name":"Screenshot","source":"0436c0cc-3e85-49ff-874f-a571f5f43bb2-attachment","type":"image/png"}]},{"name":"Тогда  Нажали кнопку рассчитать","status":"skipped","stage":"finished","start":1526818202696,"stop":1526818202698},{"name":"Тогда  Проверили заголовок страницы -  \"Онлайн консультация и одобрение ипотеки без визита в офис банка\"","status":"skipped","stage":"finished","start":1526818202699,"stop":1526818202699},{"name":"Тогда  Выбрали цель кредита -  \"Покупка квартиры в новостройке\"","status":"skipped","stage":"finished","start":1526818202699,"stop":1526818202699},{"name":"Тогда  Установили стоимость недвижимости -  \"6000000\"","status":"skipped","stage":"finished","start":1526818202699,"stop":1526818202700},{"name":"Тогда  Установили первоначальный взнос -  \"3000000\"","status":"skipped","stage":"finished","start":1526818202700,"stop":1526818202700},{"name":"Тогда  Установили срок -  \"10\"","status":"skipped","stage":"finished","start":1526818202700,"stop":1526818202702},{"name":"Тогда  Установили чекбоксы","status":"skipped","stage":"finished","start":1526818202702,"stop":1526818202703},{"name":"Тогда  Проверили сумму кредита -  \"3 000 000 ₽\"","status":"skipped","stage":"finished","start":1526818202703,"stop":1526818202703},{"name":"Тогда  Проверили ежемесячный платеж -  \" 40 313 ₽\"","status":"skipped","stage":"finished","start":1526818202703,"stop":1526818202703},{"name":"Тогда  Проверили ставку кредита -  \"10,4 %\"","status":"skipped","stage":"finished","start":1526818202703,"stop":1526818202704},{"name":"Тогда  Проверили необходимый доход -  \"57 590 ₽\"","status":"skipped","stage":"finished","start":1526818202704,"stop":1526818202704},{"name":"BaseSteps.tearDown()","status":"passed","stage":"finished","start":1526818203343,"stop":1526818203343}]}